module.js:327
    throw err;
    ^

Error: Cannot find module 'http-proxy'
    at Function.Module._resolveFilename (module.js:325:15)
    at Function.Module._load (module.js:276:25)
    at Module.require (module.js:353:17)
    at require (internal/module.js:12:17)
    at Object.<anonymous> (/home/servers/GlobalServer.js:2:17)
    at Module._compile (module.js:409:26)
    at Object.Module._extensions..js (module.js:416:10)
    at Module.load (module.js:343:32)
    at Function.Module._load (module.js:300:12)
    at Function.Module.runMain (module.js:441:10)
module.js:327
    throw err;
    ^

Error: Cannot find module 'http-proxy'
    at Function.Module._resolveFilename (module.js:325:15)
    at Function.Module._load (module.js:276:25)
    at Module.require (module.js:353:17)
    at require (internal/module.js:12:17)
    at Object.<anonymous> (/home/servers/GlobalServer.js:2:17)
    at Module._compile (module.js:409:26)
    at Object.Module._extensions..js (module.js:416:10)
    at Module.load (module.js:343:32)
    at Function.Module._load (module.js:300:12)
    at Function.Module.runMain (module.js:441:10)
/home/servers/node_modules/http-proxy/lib/http-proxy/index.js:119
    throw err;
    ^

Error: Must provide a proper URL as target
    at ProxyServer.<anonymous> (/home/servers/node_modules/http-proxy/lib/http-proxy/index.js:68:35)
    at Server.closure (/home/servers/node_modules/http-proxy/lib/http-proxy/index.js:125:43)
    at emitTwo (events.js:87:13)
    at Server.emit (events.js:172:7)
    at HTTPParser.parserOnIncoming [as onIncoming] (_http_server.js:528:12)
    at HTTPParser.parserOnHeadersComplete (_http_common.js:103:23)
/home/servers/node_modules/http-proxy/lib/http-proxy/index.js:119
    throw err;
    ^

Error: Must provide a proper URL as target
    at ProxyServer.<anonymous> (/home/servers/node_modules/http-proxy/lib/http-proxy/index.js:68:35)
    at Server.closure (/home/servers/node_modules/http-proxy/lib/http-proxy/index.js:125:43)
    at emitTwo (events.js:87:13)
    at Server.emit (events.js:172:7)
    at HTTPParser.parserOnIncoming [as onIncoming] (_http_server.js:528:12)
    at HTTPParser.parserOnHeadersComplete (_http_common.js:103:23)
/home/servers/node_modules/http-proxy/lib/http-proxy/index.js:119
    throw err;
    ^

Error: Must provide a proper URL as target
    at ProxyServer.<anonymous> (/home/servers/node_modules/http-proxy/lib/http-proxy/index.js:68:35)
    at Server.closure (/home/servers/node_modules/http-proxy/lib/http-proxy/index.js:125:43)
    at emitTwo (events.js:87:13)
    at Server.emit (events.js:172:7)
    at HTTPParser.parserOnIncoming [as onIncoming] (_http_server.js:528:12)
    at HTTPParser.parserOnHeadersComplete (_http_common.js:103:23)
/home/servers/node_modules/http-proxy/lib/http-proxy/index.js:119
    throw err;
    ^

Error: Must provide a proper URL as target
    at ProxyServer.<anonymous> (/home/servers/node_modules/http-proxy/lib/http-proxy/index.js:68:35)
    at Server.closure (/home/servers/node_modules/http-proxy/lib/http-proxy/index.js:125:43)
    at emitTwo (events.js:87:13)
    at Server.emit (events.js:172:7)
    at HTTPParser.parserOnIncoming [as onIncoming] (_http_server.js:528:12)
    at HTTPParser.parserOnHeadersComplete (_http_common.js:103:23)
/home/servers/node_modules/http-proxy/lib/http-proxy/index.js:119
    throw err;
    ^

Error: Must provide a proper URL as target
    at ProxyServer.<anonymous> (/home/servers/node_modules/http-proxy/lib/http-proxy/index.js:68:35)
    at Server.closure (/home/servers/node_modules/http-proxy/lib/http-proxy/index.js:125:43)
    at emitTwo (events.js:87:13)
    at Server.emit (events.js:172:7)
    at HTTPParser.parserOnIncoming [as onIncoming] (_http_server.js:528:12)
    at HTTPParser.parserOnHeadersComplete (_http_common.js:103:23)
/home/servers/GlobalServer.js:39
var proxyServer = httpProxy.createServer( options ).listen( 80 );
                                          ^

ReferenceError: options is not defined
    at Object.<anonymous> (/home/servers/GlobalServer.js:39:43)
    at Module._compile (module.js:409:26)
    at Object.Module._extensions..js (module.js:416:10)
    at Module.load (module.js:343:32)
    at Function.Module._load (module.js:300:12)
    at Function.Module.runMain (module.js:441:10)
    at startup (node.js:139:18)
    at node.js:968:3
/home/servers/GlobalServer.js:39
var proxyServer = httpProxy.createServer( options ).listen( 80 );
                                          ^

ReferenceError: options is not defined
    at Object.<anonymous> (/home/servers/GlobalServer.js:39:43)
    at Module._compile (module.js:409:26)
    at Object.Module._extensions..js (module.js:416:10)
    at Module.load (module.js:343:32)
    at Function.Module._load (module.js:300:12)
    at Function.Module.runMain (module.js:441:10)
    at startup (node.js:139:18)
    at node.js:968:3
proxy listening on port 80
proxy listening on port 80
/home/servers/node_modules/http-proxy/lib/http-proxy/index.js:119
    throw err;
    ^

Error: socket hang up
    at createHangUpError (_http_client.js:200:15)
    at Socket.socketCloseListener (_http_client.js:232:23)
    at emitOne (events.js:82:20)
    at Socket.emit (events.js:169:7)
    at TCP._onclose (net.js:475:12)
proxy listening on port 80
/home/servers/node_modules/http-proxy/lib/http-proxy/index.js:119
    throw err;
    ^

Error: socket hang up
    at createHangUpError (_http_client.js:200:15)
    at Socket.socketCloseListener (_http_client.js:232:23)
    at emitOne (events.js:82:20)
    at Socket.emit (events.js:169:7)
    at TCP._onclose (net.js:475:12)
proxy listening on port 80
/home/servers/node_modules/http-proxy/lib/http-proxy/index.js:119
    throw err;
    ^

Error: socket hang up
    at createHangUpError (_http_client.js:200:15)
    at Socket.socketCloseListener (_http_client.js:232:23)
    at emitOne (events.js:82:20)
    at Socket.emit (events.js:169:7)
    at TCP._onclose (net.js:475:12)
proxy listening on port 80
proxy listening on port 80
/home/servers/node_modules/http-proxy/lib/http-proxy/index.js:119
    throw err;
    ^

Error: socket hang up
    at createHangUpError (_http_client.js:200:15)
    at Socket.socketCloseListener (_http_client.js:232:23)
    at emitOne (events.js:82:20)
    at Socket.emit (events.js:169:7)
    at TCP._onclose (net.js:475:12)
proxy listening on port 80
/home/servers/node_modules/http-proxy/lib/http-proxy/index.js:119
    throw err;
    ^

Error: socket hang up
    at createHangUpError (_http_client.js:200:15)
    at Socket.socketCloseListener (_http_client.js:232:23)
    at emitOne (events.js:82:20)
    at Socket.emit (events.js:169:7)
    at TCP._onclose (net.js:475:12)
proxy listening on port 80
/home/servers/node_modules/http-proxy/lib/http-proxy/index.js:119
    throw err;
    ^

Error: socket hang up
    at createHangUpError (_http_client.js:200:15)
    at Socket.socketCloseListener (_http_client.js:232:23)
    at emitOne (events.js:82:20)
    at Socket.emit (events.js:169:7)
    at TCP._onclose (net.js:475:12)
proxy listening on port 80
proxy listening on port 80
